<?xml version="1.0" encoding="UTF-8"?>
<!-- Generated by org.testng.reporters.JUnitReportReporter -->
<testsuite hostname="INLN34409070A" failures="0" tests="1" name="com.inetbanking.testCases.TC_loginDDT_001" time="0.000" errors="0" timestamp="14 Dec 2020 19:05:14 GMT" skipped="1">
  <testcase classname="com.inetbanking.testCases.TC_loginDDT_001" name="loginDDT" time="0.000">
    <skipped/>
  </testcase> <!-- loginDDT -->
</testsuite> <!-- com.inetbanking.testCases.TC_loginDDT_001 -->
