<?xml version="1.0" encoding="UTF-8"?>
<!-- Generated by org.testng.reporters.JUnitReportReporter -->
<testsuite hostname="INLN34409070A" failures="0" tests="1" name="com.inetbanking.testCases.Login_test" time="11.963" errors="0" timestamp="14 Dec 2020 15:50:18 GMT" skipped="0">
  <testcase classname="com.inetbanking.testCases.Login_test" name="test" time="11.963"/>
</testsuite> <!-- com.inetbanking.testCases.Login_test -->
